<?xml version="1.0" encoding="UTF-8"?>
<!-- Generated by org.testng.reporters.JUnitXMLReporter -->
<testsuite ignored="0" hostname="LAPTOP-65H6OUS0" failures="0" tests="7" name="Test" time="47.719" errors="0" timestamp="2025-07-10T01:14:19 GMT-07:00">
  <testcase classname="testCases.TC001_AccountRegistrationTest" name="verify_account_registraion" time="1.558"/>
  <testcase classname="testCases.TC002_LoginTest" name="verify_login" time="1.36"/>
  <testcase classname="testCases.TC003_LoginDDT" name="verivy_loginDDT" time="1.244"/>
  <testcase classname="testCases.TC003_LoginDDT" name="verivy_loginDDT" time="10.795"/>
  <testcase classname="testCases.TC003_LoginDDT" name="verivy_loginDDT" time="10.981"/>
  <testcase classname="testCases.TC003_LoginDDT" name="verivy_loginDDT" time="10.844"/>
  <testcase classname="testCases.TC003_LoginDDT" name="verivy_loginDDT" time="1.518"/>
</testsuite> <!-- Test -->
