<?xml version="1.0" encoding="UTF-8"?>
<testng-results ignored="0" total="7" passed="7" failed="0" skipped="0">
  <reporter-output>
  </reporter-output>
  <suite started-at="2025-07-10T01:13:30 GMT-07:00" name="Master Suite" finished-at="2025-07-10T01:14:18 GMT-07:00" duration-ms="47719">
    <groups>
      <group name="Master">
        <method signature="TC001_AccountRegistrationTest.verify_account_registraion()[pri:0, instance:testCases.TC001_AccountRegistrationTest@156b88f5]" name="verify_account_registraion" class="testCases.TC001_AccountRegistrationTest"/>
        <method signature="TC002_LoginTest.verify_login()[pri:0, instance:testCases.TC002_LoginTest@53fdffa1]" name="verify_login" class="testCases.TC002_LoginTest"/>
      </group> <!-- Master -->
      <group name="Sanity">
        <method signature="TC002_LoginTest.verify_login()[pri:0, instance:testCases.TC002_LoginTest@53fdffa1]" name="verify_login" class="testCases.TC002_LoginTest"/>
      </group> <!-- Sanity -->
      <group name="Regression">
        <method signature="TC001_AccountRegistrationTest.verify_account_registraion()[pri:0, instance:testCases.TC001_AccountRegistrationTest@156b88f5]" name="verify_account_registraion" class="testCases.TC001_AccountRegistrationTest"/>
      </group> <!-- Regression -->
      <group name="Datadriven">
        <method signature="TC003_LoginDDT.verivy_loginDDT(java.lang.String,java.lang.String,java.lang.String)[pri:0, instance:testCases.TC003_LoginDDT@5562c41e]" name="verivy_loginDDT" class="testCases.TC003_LoginDDT"/>
      </group> <!-- Datadriven -->
    </groups>
    <test started-at="2025-07-10T01:13:30 GMT-07:00" name="Test" finished-at="2025-07-10T01:14:18 GMT-07:00" duration-ms="47719">
      <class name="testCases.TC002_LoginTest">
        <test-method is-config="true" signature="setup(java.lang.String,java.lang.String)[pri:0, instance:testCases.TC002_LoginTest@53fdffa1]" started-at="2025-07-10T01:13:35 GMT-07:00" name="setup" finished-at="2025-07-10T01:13:37 GMT-07:00" duration-ms="2362" status="PASS">
          <params>
            <param index="0">
              <value>
                <![CDATA[Windows]]>
              </value>
            </param>
            <param index="1">
              <value>
                <![CDATA[chrome]]>
              </value>
            </param>
          </params>
          <reporter-output>
          </reporter-output>
        </test-method> <!-- setup -->
        <test-method signature="verify_login()[pri:0, instance:testCases.TC002_LoginTest@53fdffa1]" started-at="2025-07-10T01:13:37 GMT-07:00" name="verify_login" finished-at="2025-07-10T01:13:39 GMT-07:00" duration-ms="1360" status="PASS">
          <reporter-output>
          </reporter-output>
        </test-method> <!-- verify_login -->
        <test-method is-config="true" signature="tearDown()[pri:0, instance:testCases.TC002_LoginTest@53fdffa1]" started-at="2025-07-10T01:13:39 GMT-07:00" name="tearDown" finished-at="2025-07-10T01:13:39 GMT-07:00" duration-ms="113" status="PASS">
          <reporter-output>
          </reporter-output>
        </test-method> <!-- tearDown -->
      </class> <!-- testCases.TC002_LoginTest -->
      <class name="testCases.TC003_LoginDDT">
        <test-method is-config="true" signature="setup(java.lang.String,java.lang.String)[pri:0, instance:testCases.TC003_LoginDDT@5562c41e]" started-at="2025-07-10T01:13:39 GMT-07:00" name="setup" finished-at="2025-07-10T01:13:41 GMT-07:00" duration-ms="2381" status="PASS">
          <params>
            <param index="0">
              <value>
                <![CDATA[Windows]]>
              </value>
            </param>
            <param index="1">
              <value>
                <![CDATA[chrome]]>
              </value>
            </param>
          </params>
          <reporter-output>
          </reporter-output>
        </test-method> <!-- setup -->
        <test-method signature="verivy_loginDDT(java.lang.String,java.lang.String,java.lang.String)[pri:0, instance:testCases.TC003_LoginDDT@5562c41e]" started-at="2025-07-10T01:13:42 GMT-07:00" name="verivy_loginDDT" data-provider="LoginData" finished-at="2025-07-10T01:13:43 GMT-07:00" duration-ms="1244" status="PASS">
          <params>
            <param index="0">
              <value>
                <![CDATA[shiva.pervala@gmail.com]]>
              </value>
            </param>
            <param index="1">
              <value>
                <![CDATA[test123]]>
              </value>
            </param>
            <param index="2">
              <value>
                <![CDATA[Valid]]>
              </value>
            </param>
          </params>
          <reporter-output>
          </reporter-output>
        </test-method> <!-- verivy_loginDDT -->
        <test-method signature="verivy_loginDDT(java.lang.String,java.lang.String,java.lang.String)[pri:0, instance:testCases.TC003_LoginDDT@5562c41e]" started-at="2025-07-10T01:13:43 GMT-07:00" name="verivy_loginDDT" data-provider="LoginData" finished-at="2025-07-10T01:13:54 GMT-07:00" duration-ms="10795" status="PASS">
          <params>
            <param index="0">
              <value>
                <![CDATA[Ram]]>
              </value>
            </param>
            <param index="1">
              <value>
                <![CDATA[ram123]]>
              </value>
            </param>
            <param index="2">
              <value>
                <![CDATA[Invalid]]>
              </value>
            </param>
          </params>
          <reporter-output>
          </reporter-output>
        </test-method> <!-- verivy_loginDDT -->
        <test-method signature="verivy_loginDDT(java.lang.String,java.lang.String,java.lang.String)[pri:0, instance:testCases.TC003_LoginDDT@5562c41e]" started-at="2025-07-10T01:13:54 GMT-07:00" name="verivy_loginDDT" data-provider="LoginData" finished-at="2025-07-10T01:14:05 GMT-07:00" duration-ms="10981" status="PASS">
          <params>
            <param index="0">
              <value>
                <![CDATA[venkat]]>
              </value>
            </param>
            <param index="1">
              <value>
                <![CDATA[venkat123]]>
              </value>
            </param>
            <param index="2">
              <value>
                <![CDATA[Invalid]]>
              </value>
            </param>
          </params>
          <reporter-output>
          </reporter-output>
        </test-method> <!-- verivy_loginDDT -->
        <test-method signature="verivy_loginDDT(java.lang.String,java.lang.String,java.lang.String)[pri:0, instance:testCases.TC003_LoginDDT@5562c41e]" started-at="2025-07-10T01:14:05 GMT-07:00" name="verivy_loginDDT" data-provider="LoginData" finished-at="2025-07-10T01:14:16 GMT-07:00" duration-ms="10844" status="PASS">
          <params>
            <param index="0">
              <value>
                <![CDATA[rakesh]]>
              </value>
            </param>
            <param index="1">
              <value>
                <![CDATA[rak123]]>
              </value>
            </param>
            <param index="2">
              <value>
                <![CDATA[Invalid]]>
              </value>
            </param>
          </params>
          <reporter-output>
          </reporter-output>
        </test-method> <!-- verivy_loginDDT -->
        <test-method signature="verivy_loginDDT(java.lang.String,java.lang.String,java.lang.String)[pri:0, instance:testCases.TC003_LoginDDT@5562c41e]" started-at="2025-07-10T01:14:16 GMT-07:00" name="verivy_loginDDT" data-provider="LoginData" finished-at="2025-07-10T01:14:18 GMT-07:00" duration-ms="1518" status="PASS">
          <params>
            <param index="0">
              <value>
                <![CDATA[shiva.pervala@gmail.com]]>
              </value>
            </param>
            <param index="1">
              <value>
                <![CDATA[test123]]>
              </value>
            </param>
            <param index="2">
              <value>
                <![CDATA[Valid]]>
              </value>
            </param>
          </params>
          <reporter-output>
          </reporter-output>
        </test-method> <!-- verivy_loginDDT -->
        <test-method is-config="true" signature="tearDown()[pri:0, instance:testCases.TC003_LoginDDT@5562c41e]" started-at="2025-07-10T01:14:18 GMT-07:00" name="tearDown" finished-at="2025-07-10T01:14:18 GMT-07:00" duration-ms="152" status="PASS">
          <reporter-output>
          </reporter-output>
        </test-method> <!-- tearDown -->
      </class> <!-- testCases.TC003_LoginDDT -->
      <class name="testCases.TC001_AccountRegistrationTest">
        <test-method is-config="true" signature="setup(java.lang.String,java.lang.String)[pri:0, instance:testCases.TC001_AccountRegistrationTest@156b88f5]" started-at="2025-07-10T01:13:30 GMT-07:00" name="setup" finished-at="2025-07-10T01:13:33 GMT-07:00" duration-ms="3350" status="PASS">
          <params>
            <param index="0">
              <value>
                <![CDATA[Windows]]>
              </value>
            </param>
            <param index="1">
              <value>
                <![CDATA[chrome]]>
              </value>
            </param>
          </params>
          <reporter-output>
          </reporter-output>
        </test-method> <!-- setup -->
        <test-method signature="verify_account_registraion()[pri:0, instance:testCases.TC001_AccountRegistrationTest@156b88f5]" started-at="2025-07-10T01:13:33 GMT-07:00" name="verify_account_registraion" finished-at="2025-07-10T01:13:35 GMT-07:00" duration-ms="1558" status="PASS">
          <reporter-output>
          </reporter-output>
        </test-method> <!-- verify_account_registraion -->
        <test-method is-config="true" signature="tearDown()[pri:0, instance:testCases.TC001_AccountRegistrationTest@156b88f5]" started-at="2025-07-10T01:13:35 GMT-07:00" name="tearDown" finished-at="2025-07-10T01:13:35 GMT-07:00" duration-ms="92" status="PASS">
          <reporter-output>
          </reporter-output>
        </test-method> <!-- tearDown -->
      </class> <!-- testCases.TC001_AccountRegistrationTest -->
    </test> <!-- Test -->
  </suite> <!-- Master Suite -->
</testng-results>
