<?xml version="1.0" encoding="UTF-8"?>
<!-- Generated by org.testng.reporters.JUnitReportReporter -->
<testsuite hostname="LAPTOP-65H6OUS0" failures="0" tests="5" name="testCases.TC003_LoginDDT" time="35.382" errors="0" timestamp="2025-07-10T01:14:19 GMT-07:00" skipped="0">
  <testcase classname="testCases.TC003_LoginDDT" name="verivy_loginDDT" time="1.244"/>
  <testcase classname="testCases.TC003_LoginDDT" name="verivy_loginDDT" time="10.795"/>
  <testcase classname="testCases.TC003_LoginDDT" name="verivy_loginDDT" time="10.981"/>
  <testcase classname="testCases.TC003_LoginDDT" name="verivy_loginDDT" time="1.518"/>
  <testcase classname="testCases.TC003_LoginDDT" name="verivy_loginDDT" time="10.844"/>
</testsuite> <!-- testCases.TC003_LoginDDT -->
